2018-03-05 14:32:18,766 [Worker-1] INFO  c.g.t.t.d.PublishedGradleVersions - Gradle version information cache is not available. Remote download required.
2018-03-05 14:50:01,445 [Worker-3] INFO  c.g.t.t.d.PublishedGradleVersions - Gradle version information cache is up-to-date. Trying to read.
2018-03-05 14:51:05,033 [Worker-8] INFO  o.e.m.c.i.l.LifecycleMappingFactory - Using org.eclipse.m2e.jdt.JarLifecycleMapping lifecycle mapping for MavenProject: calendar:Calendar:1.0-SNAPSHOT @ C:\Users\duliang\cs362\CS362-001-W2018\projects\duli\assignment-5\duli\Calendar\pom.xml.
2018-03-05 14:51:06,335 [Worker-8] INFO  o.e.m.j.i.AbstractJavaProjectConfigurator - Adding source folder /Calendar/src/main/java
2018-03-05 14:51:06,337 [Worker-8] INFO  o.e.m.j.i.AbstractJavaProjectConfigurator - Adding source folder /Calendar/src/test/java
2018-03-05 14:51:06,716 [Worker-8] INFO  o.e.m.c.i.p.ProjectConfigurationManager - Imported and configured 1 project(s) in 3 sec
2018-03-05 14:51:08,230 [Worker-1] INFO  o.e.m.c.i.embedder.EclipseLogger - Using 'UTF-8' encoding to copy filtered resources.
2018-03-05 14:51:08,231 [Worker-1] INFO  o.e.m.c.i.embedder.EclipseLogger - skip non existing resourceDirectory C:\Users\duliang\cs362\CS362-001-W2018\projects\duli\assignment-5\duli\Calendar\src\main\resources
2018-03-05 14:51:08,236 [Worker-1] INFO  o.e.m.c.i.embedder.EclipseLogger - Using 'UTF-8' encoding to copy filtered resources.
2018-03-05 14:51:08,236 [Worker-1] INFO  o.e.m.c.i.embedder.EclipseLogger - skip non existing resourceDirectory C:\Users\duliang\cs362\CS362-001-W2018\projects\duli\assignment-5\duli\Calendar\src\test\resources
2018-03-05 14:59:21,034 [Worker-13] INFO  o.e.m.i.launch.MavenLaunchDelegate - C:\Users\duliang\cs362\CS362-001-W2018\projects\duli\assignment-5\duli\Calendar
2018-03-05 14:59:21,034 [Worker-13] INFO  o.e.m.i.launch.MavenLaunchDelegate -  mvn -B test
2018-03-05 15:00:57,199 [Worker-12] INFO  o.e.m.c.i.embedder.EclipseLogger - Using 'UTF-8' encoding to copy filtered resources.
2018-03-05 15:00:57,200 [Worker-12] INFO  o.e.m.c.i.embedder.EclipseLogger - skip non existing resourceDirectory C:\Users\duliang\cs362\CS362-001-W2018\projects\duli\assignment-5\duli\Calendar\src\main\resources
2018-03-05 15:00:57,202 [Worker-12] INFO  o.e.m.c.i.embedder.EclipseLogger - Using 'UTF-8' encoding to copy filtered resources.
2018-03-05 15:00:57,202 [Worker-12] INFO  o.e.m.c.i.embedder.EclipseLogger - skip non existing resourceDirectory C:\Users\duliang\cs362\CS362-001-W2018\projects\duli\assignment-5\duli\Calendar\src\test\resources
2018-03-05 15:16:04,715 [Worker-22] INFO  o.e.m.c.i.embedder.EclipseLogger - Using 'UTF-8' encoding to copy filtered resources.
2018-03-05 15:16:04,727 [Worker-22] INFO  o.e.m.c.i.embedder.EclipseLogger - skip non existing resourceDirectory C:\Users\duliang\cs362\CS362-001-W2018\projects\duli\assignment-5\duli\Calendar\src\main\resources
2018-03-05 15:16:04,729 [Worker-22] INFO  o.e.m.c.i.embedder.EclipseLogger - Using 'UTF-8' encoding to copy filtered resources.
2018-03-05 15:16:04,729 [Worker-22] INFO  o.e.m.c.i.embedder.EclipseLogger - skip non existing resourceDirectory C:\Users\duliang\cs362\CS362-001-W2018\projects\duli\assignment-5\duli\Calendar\src\test\resources
2018-03-05 15:45:45,127 [Worker-17] INFO  o.e.m.c.i.embedder.EclipseLogger - Using 'UTF-8' encoding to copy filtered resources.
2018-03-05 15:45:45,127 [Worker-17] INFO  o.e.m.c.i.embedder.EclipseLogger - skip non existing resourceDirectory C:\Users\duliang\cs362\CS362-001-W2018\projects\duli\assignment-5\duli\Calendar\src\main\resources
2018-03-05 15:45:45,145 [Worker-17] INFO  o.e.m.c.i.embedder.EclipseLogger - Using 'UTF-8' encoding to copy filtered resources.
2018-03-05 15:45:45,153 [Worker-17] INFO  o.e.m.c.i.embedder.EclipseLogger - skip non existing resourceDirectory C:\Users\duliang\cs362\CS362-001-W2018\projects\duli\assignment-5\duli\Calendar\src\test\resources
2018-03-05 15:46:29,743 [Worker-17] INFO  o.e.m.c.i.embedder.EclipseLogger - Using 'UTF-8' encoding to copy filtered resources.
2018-03-05 15:46:29,754 [Worker-17] INFO  o.e.m.c.i.embedder.EclipseLogger - skip non existing resourceDirectory C:\Users\duliang\cs362\CS362-001-W2018\projects\duli\assignment-5\duli\Calendar\src\main\resources
2018-03-05 15:46:29,763 [Worker-17] INFO  o.e.m.c.i.embedder.EclipseLogger - Using 'UTF-8' encoding to copy filtered resources.
2018-03-05 15:46:29,782 [Worker-17] INFO  o.e.m.c.i.embedder.EclipseLogger - skip non existing resourceDirectory C:\Users\duliang\cs362\CS362-001-W2018\projects\duli\assignment-5\duli\Calendar\src\test\resources
2018-03-05 15:47:28,222 [Worker-17] INFO  o.e.m.c.i.embedder.EclipseLogger - Using 'UTF-8' encoding to copy filtered resources.
2018-03-05 15:47:28,235 [Worker-17] INFO  o.e.m.c.i.embedder.EclipseLogger - skip non existing resourceDirectory C:\Users\duliang\cs362\CS362-001-W2018\projects\duli\assignment-5\duli\Calendar\src\main\resources
2018-03-05 15:47:28,248 [Worker-17] INFO  o.e.m.c.i.embedder.EclipseLogger - Using 'UTF-8' encoding to copy filtered resources.
2018-03-05 15:47:28,259 [Worker-17] INFO  o.e.m.c.i.embedder.EclipseLogger - skip non existing resourceDirectory C:\Users\duliang\cs362\CS362-001-W2018\projects\duli\assignment-5\duli\Calendar\src\test\resources
2018-03-05 16:02:28,296 [Worker-29] INFO  o.e.m.c.i.embedder.EclipseLogger - Using 'UTF-8' encoding to copy filtered resources.
2018-03-05 16:02:28,357 [Worker-29] INFO  o.e.m.c.i.embedder.EclipseLogger - skip non existing resourceDirectory C:\Users\duliang\cs362\CS362-001-W2018\projects\duli\assignment-5\duli\Calendar\src\main\resources
2018-03-05 16:02:28,374 [Worker-29] INFO  o.e.m.c.i.embedder.EclipseLogger - Using 'UTF-8' encoding to copy filtered resources.
2018-03-05 16:02:28,382 [Worker-29] INFO  o.e.m.c.i.embedder.EclipseLogger - skip non existing resourceDirectory C:\Users\duliang\cs362\CS362-001-W2018\projects\duli\assignment-5\duli\Calendar\src\test\resources
2018-03-05 16:02:36,172 [Worker-34] INFO  o.e.m.c.i.embedder.EclipseLogger - Using 'UTF-8' encoding to copy filtered resources.
2018-03-05 16:02:36,174 [Worker-34] INFO  o.e.m.c.i.embedder.EclipseLogger - skip non existing resourceDirectory C:\Users\duliang\cs362\CS362-001-W2018\projects\duli\assignment-5\duli\Calendar\src\main\resources
2018-03-05 16:02:36,190 [Worker-34] INFO  o.e.m.c.i.embedder.EclipseLogger - Using 'UTF-8' encoding to copy filtered resources.
2018-03-05 16:02:36,194 [Worker-34] INFO  o.e.m.c.i.embedder.EclipseLogger - skip non existing resourceDirectory C:\Users\duliang\cs362\CS362-001-W2018\projects\duli\assignment-5\duli\Calendar\src\test\resources
2018-03-05 16:04:18,356 [Worker-31] INFO  o.e.m.c.i.embedder.EclipseLogger - Using 'UTF-8' encoding to copy filtered resources.
2018-03-05 16:04:18,356 [Worker-31] INFO  o.e.m.c.i.embedder.EclipseLogger - skip non existing resourceDirectory C:\Users\duliang\cs362\CS362-001-W2018\projects\duli\assignment-5\duli\Calendar\src\main\resources
2018-03-05 16:04:18,392 [Worker-31] INFO  o.e.m.c.i.embedder.EclipseLogger - Using 'UTF-8' encoding to copy filtered resources.
2018-03-05 16:04:18,404 [Worker-31] INFO  o.e.m.c.i.embedder.EclipseLogger - skip non existing resourceDirectory C:\Users\duliang\cs362\CS362-001-W2018\projects\duli\assignment-5\duli\Calendar\src\test\resources
2018-03-05 16:05:51,763 [Worker-31] INFO  o.e.m.c.i.embedder.EclipseLogger - Using 'UTF-8' encoding to copy filtered resources.
2018-03-05 16:05:51,763 [Worker-31] INFO  o.e.m.c.i.embedder.EclipseLogger - skip non existing resourceDirectory C:\Users\duliang\cs362\CS362-001-W2018\projects\duli\assignment-5\duli\Calendar\src\main\resources
2018-03-05 16:05:51,781 [Worker-31] INFO  o.e.m.c.i.embedder.EclipseLogger - Using 'UTF-8' encoding to copy filtered resources.
2018-03-05 16:05:51,781 [Worker-31] INFO  o.e.m.c.i.embedder.EclipseLogger - skip non existing resourceDirectory C:\Users\duliang\cs362\CS362-001-W2018\projects\duli\assignment-5\duli\Calendar\src\test\resources
2018-03-05 16:09:17,053 [Worker-29] INFO  o.e.m.c.i.embedder.EclipseLogger - Using 'UTF-8' encoding to copy filtered resources.
2018-03-05 16:09:17,054 [Worker-29] INFO  o.e.m.c.i.embedder.EclipseLogger - skip non existing resourceDirectory C:\Users\duliang\cs362\CS362-001-W2018\projects\duli\assignment-5\duli\Calendar\src\main\resources
2018-03-05 16:09:17,085 [Worker-29] INFO  o.e.m.c.i.embedder.EclipseLogger - Using 'UTF-8' encoding to copy filtered resources.
2018-03-05 16:09:17,092 [Worker-29] INFO  o.e.m.c.i.embedder.EclipseLogger - skip non existing resourceDirectory C:\Users\duliang\cs362\CS362-001-W2018\projects\duli\assignment-5\duli\Calendar\src\test\resources
2018-03-05 16:12:51,183 [Worker-29] INFO  o.e.m.c.i.embedder.EclipseLogger - Using 'UTF-8' encoding to copy filtered resources.
2018-03-05 16:12:51,189 [Worker-29] INFO  o.e.m.c.i.embedder.EclipseLogger - skip non existing resourceDirectory C:\Users\duliang\cs362\CS362-001-W2018\projects\duli\assignment-5\duli\Calendar\src\main\resources
2018-03-05 16:12:51,199 [Worker-29] INFO  o.e.m.c.i.embedder.EclipseLogger - Using 'UTF-8' encoding to copy filtered resources.
2018-03-05 16:12:51,261 [Worker-29] INFO  o.e.m.c.i.embedder.EclipseLogger - skip non existing resourceDirectory C:\Users\duliang\cs362\CS362-001-W2018\projects\duli\assignment-5\duli\Calendar\src\test\resources
2018-03-05 16:29:30,382 [Worker-38] INFO  o.e.m.c.i.embedder.EclipseLogger - Using 'UTF-8' encoding to copy filtered resources.
2018-03-05 16:29:30,400 [Worker-38] INFO  o.e.m.c.i.embedder.EclipseLogger - skip non existing resourceDirectory C:\Users\duliang\cs362\CS362-001-W2018\projects\duli\assignment-5\duli\Calendar\src\main\resources
2018-03-05 16:29:30,407 [Worker-38] INFO  o.e.m.c.i.embedder.EclipseLogger - Using 'UTF-8' encoding to copy filtered resources.
2018-03-05 16:29:30,455 [Worker-38] INFO  o.e.m.c.i.embedder.EclipseLogger - skip non existing resourceDirectory C:\Users\duliang\cs362\CS362-001-W2018\projects\duli\assignment-5\duli\Calendar\src\test\resources
2018-03-05 16:29:31,466 [Worker-39] INFO  o.e.m.c.i.embedder.EclipseLogger - Using 'UTF-8' encoding to copy filtered resources.
2018-03-05 16:29:31,466 [Worker-39] INFO  o.e.m.c.i.embedder.EclipseLogger - skip non existing resourceDirectory C:\Users\duliang\cs362\CS362-001-W2018\projects\duli\assignment-5\duli\Calendar\src\main\resources
2018-03-05 16:29:31,477 [Worker-39] INFO  o.e.m.c.i.embedder.EclipseLogger - Using 'UTF-8' encoding to copy filtered resources.
2018-03-05 16:29:31,477 [Worker-39] INFO  o.e.m.c.i.embedder.EclipseLogger - skip non existing resourceDirectory C:\Users\duliang\cs362\CS362-001-W2018\projects\duli\assignment-5\duli\Calendar\src\test\resources
2018-03-05 16:31:49,179 [Worker-36] INFO  o.e.m.c.i.embedder.EclipseLogger - Using 'UTF-8' encoding to copy filtered resources.
2018-03-05 16:31:49,201 [Worker-36] INFO  o.e.m.c.i.embedder.EclipseLogger - skip non existing resourceDirectory C:\Users\duliang\cs362\CS362-001-W2018\projects\duli\assignment-5\duli\Calendar\src\main\resources
2018-03-05 16:31:49,210 [Worker-36] INFO  o.e.m.c.i.embedder.EclipseLogger - Using 'UTF-8' encoding to copy filtered resources.
2018-03-05 16:31:49,224 [Worker-36] INFO  o.e.m.c.i.embedder.EclipseLogger - skip non existing resourceDirectory C:\Users\duliang\cs362\CS362-001-W2018\projects\duli\assignment-5\duli\Calendar\src\test\resources
2018-03-05 16:33:00,618 [Worker-40] INFO  o.e.m.c.i.embedder.EclipseLogger - Using 'UTF-8' encoding to copy filtered resources.
2018-03-05 16:33:00,670 [Worker-40] INFO  o.e.m.c.i.embedder.EclipseLogger - skip non existing resourceDirectory C:\Users\duliang\cs362\CS362-001-W2018\projects\duli\assignment-5\duli\Calendar\src\main\resources
2018-03-05 16:33:00,681 [Worker-40] INFO  o.e.m.c.i.embedder.EclipseLogger - Using 'UTF-8' encoding to copy filtered resources.
2018-03-05 16:33:00,693 [Worker-40] INFO  o.e.m.c.i.embedder.EclipseLogger - skip non existing resourceDirectory C:\Users\duliang\cs362\CS362-001-W2018\projects\duli\assignment-5\duli\Calendar\src\test\resources
2018-03-05 16:34:18,639 [Worker-37] INFO  o.e.m.c.i.embedder.EclipseLogger - Using 'UTF-8' encoding to copy filtered resources.
2018-03-05 16:34:18,705 [Worker-37] INFO  o.e.m.c.i.embedder.EclipseLogger - skip non existing resourceDirectory C:\Users\duliang\cs362\CS362-001-W2018\projects\duli\assignment-5\duli\Calendar\src\main\resources
2018-03-05 16:34:18,737 [Worker-37] INFO  o.e.m.c.i.embedder.EclipseLogger - Using 'UTF-8' encoding to copy filtered resources.
2018-03-05 16:34:18,746 [Worker-37] INFO  o.e.m.c.i.embedder.EclipseLogger - skip non existing resourceDirectory C:\Users\duliang\cs362\CS362-001-W2018\projects\duli\assignment-5\duli\Calendar\src\test\resources
2018-03-05 16:34:22,444 [Worker-43] INFO  o.e.m.c.i.embedder.EclipseLogger - Using 'UTF-8' encoding to copy filtered resources.
2018-03-05 16:34:22,490 [Worker-43] INFO  o.e.m.c.i.embedder.EclipseLogger - skip non existing resourceDirectory C:\Users\duliang\cs362\CS362-001-W2018\projects\duli\assignment-5\duli\Calendar\src\main\resources
2018-03-05 16:34:22,500 [Worker-43] INFO  o.e.m.c.i.embedder.EclipseLogger - Using 'UTF-8' encoding to copy filtered resources.
2018-03-05 16:34:22,518 [Worker-43] INFO  o.e.m.c.i.embedder.EclipseLogger - skip non existing resourceDirectory C:\Users\duliang\cs362\CS362-001-W2018\projects\duli\assignment-5\duli\Calendar\src\test\resources
2018-03-05 16:51:05,450 [Worker-42] INFO  o.e.m.c.i.embedder.EclipseLogger - Using 'UTF-8' encoding to copy filtered resources.
2018-03-05 16:51:05,450 [Worker-42] INFO  o.e.m.c.i.embedder.EclipseLogger - skip non existing resourceDirectory C:\Users\duliang\cs362\CS362-001-W2018\projects\duli\assignment-5\duli\Calendar\src\main\resources
2018-03-05 16:51:05,467 [Worker-42] INFO  o.e.m.c.i.embedder.EclipseLogger - Using 'UTF-8' encoding to copy filtered resources.
2018-03-05 16:51:05,478 [Worker-42] INFO  o.e.m.c.i.embedder.EclipseLogger - skip non existing resourceDirectory C:\Users\duliang\cs362\CS362-001-W2018\projects\duli\assignment-5\duli\Calendar\src\test\resources
2018-03-05 16:53:04,186 [Worker-37] INFO  o.e.m.c.i.embedder.EclipseLogger - Using 'UTF-8' encoding to copy filtered resources.
2018-03-05 16:53:04,209 [Worker-37] INFO  o.e.m.c.i.embedder.EclipseLogger - skip non existing resourceDirectory C:\Users\duliang\cs362\CS362-001-W2018\projects\duli\assignment-5\duli\Calendar\src\main\resources
2018-03-05 16:53:04,217 [Worker-37] INFO  o.e.m.c.i.embedder.EclipseLogger - Using 'UTF-8' encoding to copy filtered resources.
2018-03-05 16:53:04,235 [Worker-37] INFO  o.e.m.c.i.embedder.EclipseLogger - skip non existing resourceDirectory C:\Users\duliang\cs362\CS362-001-W2018\projects\duli\assignment-5\duli\Calendar\src\test\resources
2018-03-05 16:53:05,273 [Worker-37] INFO  o.e.m.c.i.embedder.EclipseLogger - Using 'UTF-8' encoding to copy filtered resources.
2018-03-05 16:53:05,292 [Worker-37] INFO  o.e.m.c.i.embedder.EclipseLogger - skip non existing resourceDirectory C:\Users\duliang\cs362\CS362-001-W2018\projects\duli\assignment-5\duli\Calendar\src\main\resources
2018-03-05 16:53:05,345 [Worker-37] INFO  o.e.m.c.i.embedder.EclipseLogger - Using 'UTF-8' encoding to copy filtered resources.
2018-03-05 16:53:05,375 [Worker-37] INFO  o.e.m.c.i.embedder.EclipseLogger - skip non existing resourceDirectory C:\Users\duliang\cs362\CS362-001-W2018\projects\duli\assignment-5\duli\Calendar\src\test\resources
2018-03-05 16:54:27,740 [Worker-46] INFO  o.e.m.c.i.embedder.EclipseLogger - Using 'UTF-8' encoding to copy filtered resources.
2018-03-05 16:54:27,757 [Worker-46] INFO  o.e.m.c.i.embedder.EclipseLogger - skip non existing resourceDirectory C:\Users\duliang\cs362\CS362-001-W2018\projects\duli\assignment-5\duli\Calendar\src\main\resources
2018-03-05 16:54:27,764 [Worker-46] INFO  o.e.m.c.i.embedder.EclipseLogger - Using 'UTF-8' encoding to copy filtered resources.
2018-03-05 16:54:27,773 [Worker-46] INFO  o.e.m.c.i.embedder.EclipseLogger - skip non existing resourceDirectory C:\Users\duliang\cs362\CS362-001-W2018\projects\duli\assignment-5\duli\Calendar\src\test\resources
2018-03-05 16:54:57,884 [Worker-43] INFO  o.e.m.c.i.embedder.EclipseLogger - Using 'UTF-8' encoding to copy filtered resources.
2018-03-05 16:54:57,897 [Worker-43] INFO  o.e.m.c.i.embedder.EclipseLogger - skip non existing resourceDirectory C:\Users\duliang\cs362\CS362-001-W2018\projects\duli\assignment-5\duli\Calendar\src\main\resources
2018-03-05 16:54:57,927 [Worker-43] INFO  o.e.m.c.i.embedder.EclipseLogger - Using 'UTF-8' encoding to copy filtered resources.
2018-03-05 16:54:57,971 [Worker-43] INFO  o.e.m.c.i.embedder.EclipseLogger - skip non existing resourceDirectory C:\Users\duliang\cs362\CS362-001-W2018\projects\duli\assignment-5\duli\Calendar\src\test\resources
2018-03-05 16:55:02,354 [Worker-43] INFO  o.e.m.c.i.embedder.EclipseLogger - Using 'UTF-8' encoding to copy filtered resources.
2018-03-05 16:55:02,384 [Worker-43] INFO  o.e.m.c.i.embedder.EclipseLogger - skip non existing resourceDirectory C:\Users\duliang\cs362\CS362-001-W2018\projects\duli\assignment-5\duli\Calendar\src\main\resources
2018-03-05 16:55:02,384 [Worker-43] INFO  o.e.m.c.i.embedder.EclipseLogger - Using 'UTF-8' encoding to copy filtered resources.
2018-03-05 16:55:02,408 [Worker-43] INFO  o.e.m.c.i.embedder.EclipseLogger - skip non existing resourceDirectory C:\Users\duliang\cs362\CS362-001-W2018\projects\duli\assignment-5\duli\Calendar\src\test\resources
2018-03-05 16:55:25,594 [Worker-36] INFO  o.e.m.c.i.embedder.EclipseLogger - Using 'UTF-8' encoding to copy filtered resources.
2018-03-05 16:55:25,601 [Worker-36] INFO  o.e.m.c.i.embedder.EclipseLogger - skip non existing resourceDirectory C:\Users\duliang\cs362\CS362-001-W2018\projects\duli\assignment-5\duli\Calendar\src\main\resources
2018-03-05 16:55:25,604 [Worker-36] INFO  o.e.m.c.i.embedder.EclipseLogger - Using 'UTF-8' encoding to copy filtered resources.
2018-03-05 16:55:25,604 [Worker-36] INFO  o.e.m.c.i.embedder.EclipseLogger - skip non existing resourceDirectory C:\Users\duliang\cs362\CS362-001-W2018\projects\duli\assignment-5\duli\Calendar\src\test\resources
2018-03-05 16:55:55,598 [Worker-47] INFO  o.e.m.c.i.embedder.EclipseLogger - Using 'UTF-8' encoding to copy filtered resources.
2018-03-05 16:55:55,613 [Worker-47] INFO  o.e.m.c.i.embedder.EclipseLogger - skip non existing resourceDirectory C:\Users\duliang\cs362\CS362-001-W2018\projects\duli\assignment-5\duli\Calendar\src\main\resources
2018-03-05 16:55:55,627 [Worker-47] INFO  o.e.m.c.i.embedder.EclipseLogger - Using 'UTF-8' encoding to copy filtered resources.
2018-03-05 16:55:55,645 [Worker-47] INFO  o.e.m.c.i.embedder.EclipseLogger - skip non existing resourceDirectory C:\Users\duliang\cs362\CS362-001-W2018\projects\duli\assignment-5\duli\Calendar\src\test\resources
2018-03-05 17:03:18,203 [Worker-46] INFO  o.e.m.c.i.embedder.EclipseLogger - Using 'UTF-8' encoding to copy filtered resources.
2018-03-05 17:03:18,218 [Worker-46] INFO  o.e.m.c.i.embedder.EclipseLogger - skip non existing resourceDirectory C:\Users\duliang\cs362\CS362-001-W2018\projects\duli\assignment-5\duli\Calendar\src\main\resources
2018-03-05 17:03:18,234 [Worker-46] INFO  o.e.m.c.i.embedder.EclipseLogger - Using 'UTF-8' encoding to copy filtered resources.
2018-03-05 17:03:18,234 [Worker-46] INFO  o.e.m.c.i.embedder.EclipseLogger - skip non existing resourceDirectory C:\Users\duliang\cs362\CS362-001-W2018\projects\duli\assignment-5\duli\Calendar\src\test\resources
2018-03-05 17:03:25,488 [Worker-52] INFO  o.e.m.c.i.embedder.EclipseLogger - Using 'UTF-8' encoding to copy filtered resources.
2018-03-05 17:03:25,504 [Worker-52] INFO  o.e.m.c.i.embedder.EclipseLogger - skip non existing resourceDirectory C:\Users\duliang\cs362\CS362-001-W2018\projects\duli\assignment-5\duli\Calendar\src\main\resources
2018-03-05 17:03:25,535 [Worker-52] INFO  o.e.m.c.i.embedder.EclipseLogger - Using 'UTF-8' encoding to copy filtered resources.
2018-03-05 17:03:25,535 [Worker-52] INFO  o.e.m.c.i.embedder.EclipseLogger - skip non existing resourceDirectory C:\Users\duliang\cs362\CS362-001-W2018\projects\duli\assignment-5\duli\Calendar\src\test\resources
2018-03-05 17:03:35,337 [Worker-52] INFO  o.e.m.c.i.embedder.EclipseLogger - Using 'UTF-8' encoding to copy filtered resources.
2018-03-05 17:03:35,362 [Worker-52] INFO  o.e.m.c.i.embedder.EclipseLogger - skip non existing resourceDirectory C:\Users\duliang\cs362\CS362-001-W2018\projects\duli\assignment-5\duli\Calendar\src\main\resources
2018-03-05 17:03:35,377 [Worker-52] INFO  o.e.m.c.i.embedder.EclipseLogger - Using 'UTF-8' encoding to copy filtered resources.
2018-03-05 17:03:35,393 [Worker-52] INFO  o.e.m.c.i.embedder.EclipseLogger - skip non existing resourceDirectory C:\Users\duliang\cs362\CS362-001-W2018\projects\duli\assignment-5\duli\Calendar\src\test\resources
2018-03-05 17:04:00,515 [Worker-51] INFO  o.e.m.c.i.embedder.EclipseLogger - Using 'UTF-8' encoding to copy filtered resources.
2018-03-05 17:04:00,531 [Worker-51] INFO  o.e.m.c.i.embedder.EclipseLogger - skip non existing resourceDirectory C:\Users\duliang\cs362\CS362-001-W2018\projects\duli\assignment-5\duli\Calendar\src\main\resources
2018-03-05 17:04:00,531 [Worker-51] INFO  o.e.m.c.i.embedder.EclipseLogger - Using 'UTF-8' encoding to copy filtered resources.
2018-03-05 17:04:00,547 [Worker-51] INFO  o.e.m.c.i.embedder.EclipseLogger - skip non existing resourceDirectory C:\Users\duliang\cs362\CS362-001-W2018\projects\duli\assignment-5\duli\Calendar\src\test\resources
2018-03-05 17:08:47,145 [Worker-46] INFO  o.e.m.c.i.embedder.EclipseLogger - Using 'UTF-8' encoding to copy filtered resources.
2018-03-05 17:08:47,145 [Worker-46] INFO  o.e.m.c.i.embedder.EclipseLogger - skip non existing resourceDirectory C:\Users\duliang\cs362\CS362-001-W2018\projects\duli\assignment-5\duli\Calendar\src\main\resources
2018-03-05 17:08:47,161 [Worker-46] INFO  o.e.m.c.i.embedder.EclipseLogger - Using 'UTF-8' encoding to copy filtered resources.
2018-03-05 17:08:47,161 [Worker-46] INFO  o.e.m.c.i.embedder.EclipseLogger - skip non existing resourceDirectory C:\Users\duliang\cs362\CS362-001-W2018\projects\duli\assignment-5\duli\Calendar\src\test\resources
2018-03-05 17:09:12,247 [Worker-51] INFO  o.e.m.c.i.embedder.EclipseLogger - Using 'UTF-8' encoding to copy filtered resources.
2018-03-05 17:09:12,299 [Worker-51] INFO  o.e.m.c.i.embedder.EclipseLogger - skip non existing resourceDirectory C:\Users\duliang\cs362\CS362-001-W2018\projects\duli\assignment-5\duli\Calendar\src\main\resources
2018-03-05 17:09:12,299 [Worker-51] INFO  o.e.m.c.i.embedder.EclipseLogger - Using 'UTF-8' encoding to copy filtered resources.
2018-03-05 17:09:12,314 [Worker-51] INFO  o.e.m.c.i.embedder.EclipseLogger - skip non existing resourceDirectory C:\Users\duliang\cs362\CS362-001-W2018\projects\duli\assignment-5\duli\Calendar\src\test\resources
2018-03-05 17:09:59,560 [Worker-52] INFO  o.e.m.c.i.embedder.EclipseLogger - Using 'UTF-8' encoding to copy filtered resources.
2018-03-05 17:09:59,575 [Worker-52] INFO  o.e.m.c.i.embedder.EclipseLogger - skip non existing resourceDirectory C:\Users\duliang\cs362\CS362-001-W2018\projects\duli\assignment-5\duli\Calendar\src\main\resources
2018-03-05 17:09:59,598 [Worker-52] INFO  o.e.m.c.i.embedder.EclipseLogger - Using 'UTF-8' encoding to copy filtered resources.
2018-03-05 17:09:59,602 [Worker-52] INFO  o.e.m.c.i.embedder.EclipseLogger - skip non existing resourceDirectory C:\Users\duliang\cs362\CS362-001-W2018\projects\duli\assignment-5\duli\Calendar\src\test\resources
2018-03-05 17:13:36,399 [Worker-55] INFO  o.e.m.c.i.embedder.EclipseLogger - Using 'UTF-8' encoding to copy filtered resources.
2018-03-05 17:13:36,399 [Worker-55] INFO  o.e.m.c.i.embedder.EclipseLogger - skip non existing resourceDirectory C:\Users\duliang\cs362\CS362-001-W2018\projects\duli\assignment-5\duli\Calendar\src\main\resources
2018-03-05 17:13:36,415 [Worker-55] INFO  o.e.m.c.i.embedder.EclipseLogger - Using 'UTF-8' encoding to copy filtered resources.
2018-03-05 17:13:36,415 [Worker-55] INFO  o.e.m.c.i.embedder.EclipseLogger - skip non existing resourceDirectory C:\Users\duliang\cs362\CS362-001-W2018\projects\duli\assignment-5\duli\Calendar\src\test\resources
2018-03-05 17:13:45,408 [Worker-37] INFO  o.e.m.c.i.embedder.EclipseLogger - Using 'UTF-8' encoding to copy filtered resources.
2018-03-05 17:13:45,424 [Worker-37] INFO  o.e.m.c.i.embedder.EclipseLogger - skip non existing resourceDirectory C:\Users\duliang\cs362\CS362-001-W2018\projects\duli\assignment-5\duli\Calendar\src\main\resources
2018-03-05 17:13:45,440 [Worker-37] INFO  o.e.m.c.i.embedder.EclipseLogger - Using 'UTF-8' encoding to copy filtered resources.
2018-03-05 17:13:45,440 [Worker-37] INFO  o.e.m.c.i.embedder.EclipseLogger - skip non existing resourceDirectory C:\Users\duliang\cs362\CS362-001-W2018\projects\duli\assignment-5\duli\Calendar\src\test\resources
2018-03-05 17:13:59,390 [Worker-52] INFO  o.e.m.c.i.embedder.EclipseLogger - Using 'UTF-8' encoding to copy filtered resources.
2018-03-05 17:13:59,390 [Worker-52] INFO  o.e.m.c.i.embedder.EclipseLogger - skip non existing resourceDirectory C:\Users\duliang\cs362\CS362-001-W2018\projects\duli\assignment-5\duli\Calendar\src\main\resources
2018-03-05 17:13:59,416 [Worker-52] INFO  o.e.m.c.i.embedder.EclipseLogger - Using 'UTF-8' encoding to copy filtered resources.
2018-03-05 17:13:59,432 [Worker-52] INFO  o.e.m.c.i.embedder.EclipseLogger - skip non existing resourceDirectory C:\Users\duliang\cs362\CS362-001-W2018\projects\duli\assignment-5\duli\Calendar\src\test\resources
2018-03-05 17:14:28,587 [Worker-47] INFO  o.e.m.c.i.embedder.EclipseLogger - Using 'UTF-8' encoding to copy filtered resources.
2018-03-05 17:14:28,602 [Worker-47] INFO  o.e.m.c.i.embedder.EclipseLogger - skip non existing resourceDirectory C:\Users\duliang\cs362\CS362-001-W2018\projects\duli\assignment-5\duli\Calendar\src\main\resources
2018-03-05 17:14:28,602 [Worker-47] INFO  o.e.m.c.i.embedder.EclipseLogger - Using 'UTF-8' encoding to copy filtered resources.
2018-03-05 17:14:28,618 [Worker-47] INFO  o.e.m.c.i.embedder.EclipseLogger - skip non existing resourceDirectory C:\Users\duliang\cs362\CS362-001-W2018\projects\duli\assignment-5\duli\Calendar\src\test\resources
2018-03-05 17:15:26,870 [Worker-47] INFO  o.e.m.c.i.embedder.EclipseLogger - Using 'UTF-8' encoding to copy filtered resources.
2018-03-05 17:15:26,885 [Worker-47] INFO  o.e.m.c.i.embedder.EclipseLogger - skip non existing resourceDirectory C:\Users\duliang\cs362\CS362-001-W2018\projects\duli\assignment-5\duli\Calendar\src\main\resources
2018-03-05 17:15:26,901 [Worker-47] INFO  o.e.m.c.i.embedder.EclipseLogger - Using 'UTF-8' encoding to copy filtered resources.
2018-03-05 17:15:26,901 [Worker-47] INFO  o.e.m.c.i.embedder.EclipseLogger - skip non existing resourceDirectory C:\Users\duliang\cs362\CS362-001-W2018\projects\duli\assignment-5\duli\Calendar\src\test\resources
2018-03-05 17:17:15,040 [Worker-52] INFO  o.e.m.c.i.embedder.EclipseLogger - Using 'UTF-8' encoding to copy filtered resources.
2018-03-05 17:17:15,056 [Worker-52] INFO  o.e.m.c.i.embedder.EclipseLogger - skip non existing resourceDirectory C:\Users\duliang\cs362\CS362-001-W2018\projects\duli\assignment-5\duli\Calendar\src\main\resources
2018-03-05 17:17:15,056 [Worker-52] INFO  o.e.m.c.i.embedder.EclipseLogger - Using 'UTF-8' encoding to copy filtered resources.
2018-03-05 17:17:15,072 [Worker-52] INFO  o.e.m.c.i.embedder.EclipseLogger - skip non existing resourceDirectory C:\Users\duliang\cs362\CS362-001-W2018\projects\duli\assignment-5\duli\Calendar\src\test\resources
2018-03-05 17:20:28,826 [Worker-52] INFO  o.e.m.c.i.embedder.EclipseLogger - Using 'UTF-8' encoding to copy filtered resources.
2018-03-05 17:20:28,858 [Worker-52] INFO  o.e.m.c.i.embedder.EclipseLogger - skip non existing resourceDirectory C:\Users\duliang\cs362\CS362-001-W2018\projects\duli\assignment-5\duli\Calendar\src\main\resources
2018-03-05 17:20:28,858 [Worker-52] INFO  o.e.m.c.i.embedder.EclipseLogger - Using 'UTF-8' encoding to copy filtered resources.
2018-03-05 17:20:28,873 [Worker-52] INFO  o.e.m.c.i.embedder.EclipseLogger - skip non existing resourceDirectory C:\Users\duliang\cs362\CS362-001-W2018\projects\duli\assignment-5\duli\Calendar\src\test\resources
2018-03-05 17:22:29,486 [Worker-37] INFO  o.e.m.c.i.embedder.EclipseLogger - Using 'UTF-8' encoding to copy filtered resources.
2018-03-05 17:22:29,501 [Worker-37] INFO  o.e.m.c.i.embedder.EclipseLogger - skip non existing resourceDirectory C:\Users\duliang\cs362\CS362-001-W2018\projects\duli\assignment-5\duli\Calendar\src\main\resources
2018-03-05 17:22:29,517 [Worker-37] INFO  o.e.m.c.i.embedder.EclipseLogger - Using 'UTF-8' encoding to copy filtered resources.
2018-03-05 17:22:29,532 [Worker-37] INFO  o.e.m.c.i.embedder.EclipseLogger - skip non existing resourceDirectory C:\Users\duliang\cs362\CS362-001-W2018\projects\duli\assignment-5\duli\Calendar\src\test\resources
2018-03-05 17:22:30,533 [Worker-58] INFO  o.e.m.c.i.embedder.EclipseLogger - Using 'UTF-8' encoding to copy filtered resources.
2018-03-05 17:22:30,549 [Worker-58] INFO  o.e.m.c.i.embedder.EclipseLogger - skip non existing resourceDirectory C:\Users\duliang\cs362\CS362-001-W2018\projects\duli\assignment-5\duli\Calendar\src\main\resources
2018-03-05 17:22:30,549 [Worker-58] INFO  o.e.m.c.i.embedder.EclipseLogger - Using 'UTF-8' encoding to copy filtered resources.
2018-03-05 17:22:30,564 [Worker-58] INFO  o.e.m.c.i.embedder.EclipseLogger - skip non existing resourceDirectory C:\Users\duliang\cs362\CS362-001-W2018\projects\duli\assignment-5\duli\Calendar\src\test\resources
2018-03-05 17:24:29,291 [Worker-37] INFO  o.e.m.c.i.embedder.EclipseLogger - Using 'UTF-8' encoding to copy filtered resources.
2018-03-05 17:24:29,291 [Worker-37] INFO  o.e.m.c.i.embedder.EclipseLogger - skip non existing resourceDirectory C:\Users\duliang\cs362\CS362-001-W2018\projects\duli\assignment-5\duli\Calendar\src\main\resources
2018-03-05 17:24:29,301 [Worker-37] INFO  o.e.m.c.i.embedder.EclipseLogger - Using 'UTF-8' encoding to copy filtered resources.
2018-03-05 17:24:29,311 [Worker-37] INFO  o.e.m.c.i.embedder.EclipseLogger - skip non existing resourceDirectory C:\Users\duliang\cs362\CS362-001-W2018\projects\duli\assignment-5\duli\Calendar\src\test\resources
2018-03-05 17:24:30,381 [Worker-55] INFO  o.e.m.c.i.embedder.EclipseLogger - Using 'UTF-8' encoding to copy filtered resources.
2018-03-05 17:24:30,387 [Worker-55] INFO  o.e.m.c.i.embedder.EclipseLogger - skip non existing resourceDirectory C:\Users\duliang\cs362\CS362-001-W2018\projects\duli\assignment-5\duli\Calendar\src\main\resources
2018-03-05 17:24:30,407 [Worker-55] INFO  o.e.m.c.i.embedder.EclipseLogger - Using 'UTF-8' encoding to copy filtered resources.
2018-03-05 17:24:30,413 [Worker-55] INFO  o.e.m.c.i.embedder.EclipseLogger - skip non existing resourceDirectory C:\Users\duliang\cs362\CS362-001-W2018\projects\duli\assignment-5\duli\Calendar\src\test\resources
2018-03-05 17:24:31,560 [Worker-59] INFO  o.e.m.c.i.embedder.EclipseLogger - Using 'UTF-8' encoding to copy filtered resources.
2018-03-05 17:24:31,560 [Worker-59] INFO  o.e.m.c.i.embedder.EclipseLogger - skip non existing resourceDirectory C:\Users\duliang\cs362\CS362-001-W2018\projects\duli\assignment-5\duli\Calendar\src\main\resources
2018-03-05 17:24:31,560 [Worker-59] INFO  o.e.m.c.i.embedder.EclipseLogger - Using 'UTF-8' encoding to copy filtered resources.
2018-03-05 17:24:31,576 [Worker-59] INFO  o.e.m.c.i.embedder.EclipseLogger - skip non existing resourceDirectory C:\Users\duliang\cs362\CS362-001-W2018\projects\duli\assignment-5\duli\Calendar\src\test\resources
2018-03-05 17:42:43,910 [Worker-57] INFO  o.e.m.c.i.embedder.EclipseLogger - Using 'UTF-8' encoding to copy filtered resources.
2018-03-05 17:42:43,925 [Worker-57] INFO  o.e.m.c.i.embedder.EclipseLogger - skip non existing resourceDirectory C:\Users\duliang\cs362\CS362-001-W2018\projects\duli\assignment-5\duli\Calendar\src\main\resources
2018-03-05 17:42:43,925 [Worker-57] INFO  o.e.m.c.i.embedder.EclipseLogger - Using 'UTF-8' encoding to copy filtered resources.
2018-03-05 17:42:43,941 [Worker-57] INFO  o.e.m.c.i.embedder.EclipseLogger - skip non existing resourceDirectory C:\Users\duliang\cs362\CS362-001-W2018\projects\duli\assignment-5\duli\Calendar\src\test\resources
